<?xml version="1.0" encoding="UTF-8"?>
<!-- Generated by org.testng.reporters.JUnitReportReporter -->
<testsuite hostname="MQTLPSYS0025" name="com.ebanking.master.Sgrid" tests="2" failures="0" timestamp="1 Apr 2023 05:39:40 GMT" time="57.765" errors="0">
  <testcase name="Gd" time="26.020" classname="com.ebanking.master.Sgrid"/>
  <testcase name="Gd" time="31.745" classname="com.ebanking.master.Sgrid"/>
</testsuite> <!-- com.ebanking.master.Sgrid -->
