<?xml version="1.0" encoding="UTF-8"?>
<!-- Generated by org.testng.reporters.JUnitReportReporter -->
<testsuite hostname="MQTLPSYS0025" name="com.ebanking.master.BranchNG" tests="1" failures="0" timestamp="23 Mar 2023 04:55:37 GMT" time="10.536" errors="0">
  <testcase name="Br" time="10.536" classname="com.ebanking.master.BranchNG"/>
</testsuite> <!-- com.ebanking.master.BranchNG -->
