<?xml version="1.0" encoding="UTF-8"?>
<!-- Generated by org.testng.reporters.JUnitReportReporter -->
<testsuite hostname="MQTLPSYS0025" name="com.ebanking.master.RoleNg" tests="3" failures="0" timestamp="23 Mar 2023 04:55:37 GMT" time="38.872" errors="0">
  <testcase name="Rol" time="13.022" classname="com.ebanking.master.RoleNg"/>
  <testcase name="Rol" time="12.931" classname="com.ebanking.master.RoleNg"/>
  <testcase name="Rol" time="12.919" classname="com.ebanking.master.RoleNg"/>
</testsuite> <!-- com.ebanking.master.RoleNg -->
