<?xml version="1.0" encoding="UTF-8"?>
<!-- Generated by org.testng.reporters.JUnitReportReporter -->
<testsuite hostname="MQTLPSYS0025" name="com.ebanking.master.Exepom" tests="1" failures="0" timestamp="25 Mar 2023 05:37:36 GMT" time="60.164" errors="0">
  <testcase name="Rolecre" time="60.164" classname="com.ebanking.master.Exepom"/>
</testsuite> <!-- com.ebanking.master.Exepom -->
