<?xml version="1.0" encoding="UTF-8"?>
<!-- Generated by org.testng.reporters.JUnitReportReporter -->
<testsuite hostname="MQTLPSYS0025" name="com.ebanking.scripts.SampleNG" tests="2" failures="0" timestamp="20 Mar 2023 05:15:08 GMT" time="28.124" errors="0">
  <testcase name="bcd" time="13.751" classname="com.ebanking.scripts.SampleNG"/>
  <testcase name="abc" time="14.373" classname="com.ebanking.scripts.SampleNG"/>
</testsuite> <!-- com.ebanking.scripts.SampleNG -->
